<?xml version="1.0" encoding="UTF-8"?>
<testng-results skipped="0" failed="0" ignored="0" total="3" passed="3">
  <reporter-output>
  </reporter-output>
  <suite name="Default suite" duration-ms="48540" started-at="2017-12-13T06:02:40Z" finished-at="2017-12-13T06:03:29Z">
    <groups>
    </groups>
    <test name="Default test" duration-ms="48540" started-at="2017-12-13T06:02:40Z" finished-at="2017-12-13T06:03:29Z">
      <class name="com.projectsupport.testing.LoginTest">
        <test-method status="PASS" signature="userLogin()[pri:0, instance:com.projectsupport.testing.LoginTest@59494225]" name="userLogin" is-config="true" duration-ms="34459" started-at="2017-12-13T11:32:40Z" finished-at="2017-12-13T11:33:15Z">
          <reporter-output>
          </reporter-output>
        </test-method> <!-- userLogin -->
        <test-method status="PASS" signature="validate(java.lang.String, java.lang.String, java.lang.String)[pri:0, instance:com.projectsupport.testing.LoginTest@59494225]" name="validate" duration-ms="6465" started-at="2017-12-13T11:33:15Z" data-provider="getData" finished-at="2017-12-13T11:33:21Z">
          <params>
            <param index="0">
              <value>
                <![CDATA[15000753]]>
              </value>
            </param>
            <param index="1">
              <value>
                <![CDATA[test]]>
              </value>
            </param>
            <param index="2">
              <value>
                <![CDATA[http://localhost:8080/ProjectSupportSystem/userInfo]]>
              </value>
            </param>
          </params>
          <reporter-output>
          </reporter-output>
        </test-method> <!-- validate -->
        <test-method status="PASS" signature="validate(java.lang.String, java.lang.String, java.lang.String)[pri:0, instance:com.projectsupport.testing.LoginTest@59494225]" name="validate" duration-ms="3483" started-at="2017-12-13T11:33:21Z" data-provider="getData" finished-at="2017-12-13T11:33:25Z">
          <params>
            <param index="0">
              <value>
                <![CDATA[15000722]]>
              </value>
            </param>
            <param index="1">
              <value>
                <![CDATA[password]]>
              </value>
            </param>
            <param index="2">
              <value>
                <![CDATA[http://localhost:8080/ProjectSupportSystem/doLogin]]>
              </value>
            </param>
          </params>
          <reporter-output>
          </reporter-output>
        </test-method> <!-- validate -->
        <test-method status="PASS" signature="validate(java.lang.String, java.lang.String, java.lang.String)[pri:0, instance:com.projectsupport.testing.LoginTest@59494225]" name="validate" duration-ms="3671" started-at="2017-12-13T11:33:25Z" data-provider="getData" finished-at="2017-12-13T11:33:28Z">
          <params>
            <param index="0">
              <value>
                <![CDATA[pro01]]>
              </value>
            </param>
            <param index="1">
              <value>
                <![CDATA[test]]>
              </value>
            </param>
            <param index="2">
              <value>
                <![CDATA[http://localhost:8080/ProjectSupportSystem/userInfo]]>
              </value>
            </param>
          </params>
          <reporter-output>
          </reporter-output>
        </test-method> <!-- validate -->
        <test-method status="PASS" signature="terminateBrowser()[pri:0, instance:com.projectsupport.testing.LoginTest@59494225]" name="terminateBrowser" is-config="true" duration-ms="385" started-at="2017-12-13T11:33:28Z" finished-at="2017-12-13T11:33:29Z">
          <reporter-output>
          </reporter-output>
        </test-method> <!-- terminateBrowser -->
      </class> <!-- com.projectsupport.testing.LoginTest -->
    </test> <!-- Default test -->
  </suite> <!-- Default suite -->
</testng-results>
